Base path: /Applications/Unity/Unity.app/Contents
Pipe name: \\.\pipe\UnityShaderCompiler-64bit-1-2081165312
Cmd: getPlatforms
Cmd: preprocess
  insize=2483 outsize=1166 ok=1
Cmd: compileSnippet
  api=0 type=0 insize=1623 outsize=1595 kw= pd= ok=1
Cmd: compileSnippet
  api=0 type=1 insize=1623 outsize=6 kw= pd= ok=1
Cmd: compileSnippet
  api=0 type=0 insize=1705 outsize=541 kw=SOFTPARTICLES_OFF pd= ok=1
Cmd: compileSnippet
  api=0 type=1 insize=1705 outsize=6 kw=SOFTPARTICLES_OFF pd= ok=1
Cmd: compileSnippet
  api=0 type=0 insize=1642 outsize=541 kw=SOFTPARTICLES_OFF pd= ok=1
Cmd: compileSnippet
  api=0 type=1 insize=1642 outsize=6 kw=SOFTPARTICLES_OFF pd= ok=1
Cmd: compileSnippet
  api=0 type=0 insize=751 outsize=1893 kw=SHADOWS_DEPTH pd= ok=1
Cmd: compileSnippet
  api=0 type=1 insize=751 outsize=6 kw=SHADOWS_DEPTH pd= ok=1
Cmd: compileSnippet
  api=0 type=0 insize=982 outsize=10119 kw=DIRECTIONAL SHADOWS_OFF LIGHTMAP_OFF DIRLIGHTMAP_OFF DYNAMICLIGHTMAP_OFF pd= ok=1
Cmd: compileSnippet
  api=0 type=1 insize=982 outsize=6 kw=DIRECTIONAL SHADOWS_OFF LIGHTMAP_OFF DIRLIGHTMAP_OFF DYNAMICLIGHTMAP_OFF pd= ok=1
Cmd: compileSnippet
  api=0 type=0 insize=938 outsize=5777 kw=DIRECTIONAL SHADOWS_OFF pd= ok=1
Cmd: compileSnippet
  api=0 type=1 insize=938 outsize=6 kw=DIRECTIONAL SHADOWS_OFF pd= ok=1
Cmd: compileSnippet
  api=0 type=0 insize=1706 outsize=611 kw=SOFTPARTICLES_OFF pd= ok=1
Cmd: compileSnippet
  api=0 type=1 insize=1706 outsize=6 kw=SOFTPARTICLES_OFF pd= ok=1
Cmd: compileSnippet
  api=0 type=0 insize=1333 outsize=1134 kw= pd= ok=1
Cmd: compileSnippet
  api=0 type=1 insize=1333 outsize=6 kw= pd= ok=1
Cmd: compileSnippet
  api=0 type=0 insize=1329 outsize=1129 kw= pd= ok=1
Cmd: compileSnippet
  api=0 type=1 insize=1329 outsize=6 kw= pd= ok=1
Cmd: compileSnippet
  api=0 type=0 insize=1329 outsize=1129 kw= pd= ok=1
Cmd: compileSnippet
  api=0 type=1 insize=1329 outsize=6 kw= pd= ok=1
Cmd: compileSnippet
  api=0 type=0 insize=1333 outsize=1134 kw= pd= ok=1
Cmd: compileSnippet
  api=0 type=1 insize=1333 outsize=6 kw= pd= ok=1
Cmd: compileSnippet
  api=0 type=0 insize=1321 outsize=1119 kw= pd= ok=1
Cmd: compileSnippet
  api=0 type=1 insize=1321 outsize=6 kw= pd= ok=1
Cmd: compileSnippet
  api=0 type=0 insize=1331 outsize=1129 kw= pd= ok=1
Cmd: compileSnippet
  api=0 type=1 insize=1331 outsize=6 kw= pd= ok=1
Cmd: compileSnippet
  api=0 type=0 insize=541 outsize=1893 kw=SHADOWS_DEPTH pd= ok=1
Cmd: compileSnippet
  api=0 type=1 insize=541 outsize=6 kw=SHADOWS_DEPTH pd= ok=1
Cmd: compileSnippet
  api=0 type=0 insize=6895 outsize=2300 kw=DIRECTIONAL SHADOWS_OFF LIGHTMAP_OFF DIRLIGHTMAP_OFF DYNAMICLIGHTMAP_OFF pd= ok=1
Cmd: compileSnippet
  api=0 type=1 insize=6895 outsize=6 kw=DIRECTIONAL SHADOWS_OFF LIGHTMAP_OFF DIRLIGHTMAP_OFF DYNAMICLIGHTMAP_OFF pd= ok=1
Cmd: compileSnippet
  api=0 type=0 insize=3666 outsize=1489 kw=DIRECTIONAL pd= ok=1
Cmd: compileSnippet
  api=0 type=1 insize=3666 outsize=6 kw=DIRECTIONAL pd= ok=1
Cmd: compileSnippet
  api=0 type=0 insize=959 outsize=407 kw= pd= ok=1
Cmd: compileSnippet
  api=0 type=1 insize=959 outsize=6 kw= pd= ok=1
Cmd: compileSnippet
  api=0 type=0 insize=1738 outsize=580 kw=SOFTPARTICLES_OFF pd= ok=1
Cmd: compileSnippet
  api=0 type=1 insize=1738 outsize=6 kw=SOFTPARTICLES_OFF pd= ok=1
Cmd: compileSnippet
  api=0 type=0 insize=990 outsize=463 kw= pd= ok=1
Cmd: compileSnippet
  api=0 type=1 insize=990 outsize=6 kw= pd= ok=1
Cmd: compileSnippet
  api=0 type=0 insize=13030 outsize=6315 kw=UNITY_COLORSPACE_GAMMA _SUNDISK_SIMPLE pd= ok=1
Cmd: compileSnippet
  api=0 type=1 insize=13030 outsize=6 kw=UNITY_COLORSPACE_GAMMA _SUNDISK_SIMPLE pd= ok=1
Cmd: compileSnippet
  api=0 type=0 insize=982 outsize=10586 kw=DIRECTIONAL SHADOWS_SCREEN LIGHTMAP_OFF DIRLIGHTMAP_OFF DYNAMICLIGHTMAP_OFF pd= ok=1
Cmd: compileSnippet
  api=0 type=1 insize=982 outsize=6 kw=DIRECTIONAL SHADOWS_SCREEN LIGHTMAP_OFF DIRLIGHTMAP_OFF DYNAMICLIGHTMAP_OFF pd= ok=1
Cmd: compileSnippet
  api=0 type=0 insize=938 outsize=6131 kw=POINT SHADOWS_OFF pd= ok=1
Cmd: compileSnippet
  api=0 type=1 insize=938 outsize=6 kw=POINT SHADOWS_OFF pd= ok=1
Cmd: compileSnippet
  api=0 type=0 insize=1642 outsize=1344 kw=SOFTPARTICLES_ON pd= ok=1
Cmd: compileSnippet
  api=0 type=1 insize=1642 outsize=6 kw=SOFTPARTICLES_ON pd= ok=1
Cmd: compileSnippet
  api=0 type=0 insize=1705 outsize=1344 kw=SOFTPARTICLES_ON pd= ok=1
Cmd: compileSnippet
  api=0 type=1 insize=1705 outsize=6 kw=SOFTPARTICLES_ON pd= ok=1
